<?xml version="1.0" encoding="UTF-8"?>
<!-- Generated by org.testng.reporters.JUnitXMLReporter -->
<testsuite ignored="0" hostname="DESKTOP-Q9HE4RU" failures="0" tests="4" name="Surefire test" time="0.073" errors="0" timestamp="2019-11-05T13:16:47 IST">
  <testcase classname="qaclickacademy.AppiumTest" name="NativeAppAndroid" time="0.004"/>
  <testcase classname="qaclickacademy.AppiumTest" name="NativeAppIOS" time="0.0"/>
  <testcase classname="qaclickacademy.SeleniumTest" name="BrowserAutomation" time="0.0"/>
  <testcase classname="qaclickacademy.SeleniumTest" name="elementUi" time="0.0"/>
</testsuite> <!-- Surefire test -->
