<?xml version="1.0" encoding="UTF-8"?>
<!-- Generated by org.testng.reporters.JUnitXMLReporter -->
<testsuite hostname="DESKTOP-Q9HE4RU" ignored="0" name="Test" tests="3" failures="0" timestamp="2019-11-07T10:39:45 IST" time="0.159" errors="0">
  <testcase name="BrowserAutomation" time="0.021" classname="qaclickacademy.SeleniumTest"/>
  <testcase name="elementUi" time="0.0" classname="qaclickacademy.SeleniumTest"/>
  <testcase name="NativeAppIOS" time="0.0" classname="qaclickacademy.AppiumTest"/>
</testsuite> <!-- Test -->
