<?xml version="1.0" encoding="UTF-8"?>
<testng-results skipped="0" failed="0" ignored="0" total="3" passed="3">
  <reporter-output>
  </reporter-output>
  <suite name="Suite" duration-ms="159" started-at="2019-11-07T10:39:45 IST" finished-at="2019-11-07T10:39:45 IST">
    <groups>
    </groups>
    <test name="Test" duration-ms="159" started-at="2019-11-07T10:39:45 IST" finished-at="2019-11-07T10:39:45 IST">
      <class name="qaclickacademy.AppiumTest">
        <test-method status="PASS" signature="NativeAppIOS()[pri:0, instance:qaclickacademy.AppiumTest@4883b407]" name="NativeAppIOS" duration-ms="0" started-at="2019-11-07T10:39:45 IST" finished-at="2019-11-07T10:39:45 IST">
          <reporter-output>
          </reporter-output>
        </test-method> <!-- NativeAppIOS -->
      </class> <!-- qaclickacademy.AppiumTest -->
      <class name="qaclickacademy.SeleniumTest">
        <test-method status="PASS" signature="BrowserAutomation()[pri:0, instance:qaclickacademy.SeleniumTest@5622fdf]" name="BrowserAutomation" duration-ms="21" started-at="2019-11-07T10:39:45 IST" finished-at="2019-11-07T10:39:45 IST">
          <reporter-output>
          </reporter-output>
        </test-method> <!-- BrowserAutomation -->
        <test-method status="PASS" signature="elementUi()[pri:0, instance:qaclickacademy.SeleniumTest@5622fdf]" name="elementUi" duration-ms="0" started-at="2019-11-07T10:39:45 IST" finished-at="2019-11-07T10:39:45 IST">
          <reporter-output>
          </reporter-output>
        </test-method> <!-- elementUi -->
      </class> <!-- qaclickacademy.SeleniumTest -->
    </test> <!-- Test -->
  </suite> <!-- Suite -->
</testng-results>
