<?xml version="1.0" encoding="UTF-8"?>
<testsuite xmlns:xsi="http://www.w3.org/2001/XMLSchema-instance" xsi:schemaLocation="https://maven.apache.org/surefire/maven-surefire-plugin/xsd/surefire-test-report.xsd" name="TestSuite" time="1.614" tests="3" errors="0" skipped="0" failures="0">
  <properties>
[...]
</properties>
  <testcase name="BrowserAutomation" classname="qaclickacademy.SeleniumTest" time="0.02"/>
  <testcase name="elementUi" classname="qaclickacademy.SeleniumTest" time="0.001"/>
  <testcase name="NativeAppIOS" classname="qaclickacademy.AppiumTest" time="0"/>
</testsuite>