<?xml version="1.0" encoding="UTF-8"?>
<testng-results skipped="0" failed="0" ignored="0" total="1" passed="1">
  <reporter-output>
  </reporter-output>
  <suite name="Default suite" duration-ms="86" started-at="2019-11-06T13:04:53 IST" finished-at="2019-11-06T13:04:53 IST">
    <groups>
    </groups>
    <test name="Default test" duration-ms="86" started-at="2019-11-06T13:04:53 IST" finished-at="2019-11-06T13:04:53 IST">
      <class name="qaclickacademy.AppiumTest">
        <test-method status="PASS" signature="NativeAppIOS()[pri:0, instance:qaclickacademy.AppiumTest@4f063c0a]" name="NativeAppIOS" duration-ms="16" started-at="2019-11-06T13:04:53 IST" finished-at="2019-11-06T13:04:53 IST">
          <reporter-output>
          </reporter-output>
        </test-method> <!-- NativeAppIOS -->
      </class> <!-- qaclickacademy.AppiumTest -->
    </test> <!-- Default test -->
  </suite> <!-- Default suite -->
</testng-results>
